# JRE version: OpenJDK Runtime Environment Temurin-21.0.10+7 (21.0.10+7) (build 21.0.10+7-LTS)
# Java VM: OpenJDK 64-Bit Server VM Temurin-21.0.10+7 (21.0.10+7-LTS, mixed mode, sharing, tiered, compressed oops, compressed class ptrs, g1 gc, windows-amd64)
GC Precious Log:
 CardTable entry size: 512
 Card Set container configuration: InlinePtr #cards 4 size 8 Array Of Cards #cards 32 size 80 Howl #buckets 8 coarsen threshold 7372 Howl Bitmap #cards 1024 size 144 coarsen threshold 921 Card regions per heap region 1 cards per card region 8192
 CPUs: 12 total, 12 available
 Memory: 16077M
 Large Page Support: Disabled
 NUMA Support: Disabled
 Compressed Oops: Enabled (Zero based)
 Heap Region Size: 4M
 Heap Min Capacity: 8M
 Heap Initial Capacity: 252M
 Heap Max Capacity: 8G
 Pre-touch: Disabled
 Parallel Workers: 10
 Concurrent Workers: 3
 Concurrent Refinement Workers: 10
 Periodic GC: Disabled
Heap:
 garbage-first heap   total 126976K, used 66062K [0x0000000600000000, 0x0000000800000000)
  region size 4096K, 3 young (12288K), 2 survivors (8192K)
 Metaspace       used 71039K, committed 73024K, reserved 1114112K
  class space    used 10303K, committed 11264K, reserved 1048576K
GC Heap History (20 events):
Event: 16.159 GC heap before
{Heap before GC invocations=5 (full 0):
 garbage-first heap   total 98304K, used 93985K [0x0000000600000000, 0x0000000800000000)
  region size 4096K, 21 young (86016K), 4 survivors (16384K)
 Metaspace       used 29634K, committed 30912K, reserved 1114112K
  class space    used 4490K, committed 5120K, reserved 1048576K
}
Event: 16.181 GC heap after
{Heap after GC invocations=6 (full 0):
 garbage-first heap   total 118784K, used 27552K [0x0000000600000000, 0x0000000800000000)
  region size 4096K, 3 young (12288K), 3 survivors (12288K)
 Metaspace       used 29634K, committed 30912K, reserved 1114112K
  class space    used 4490K, committed 5120K, reserved 1048576K
}
Event: 17.365 GC heap before
{Heap before GC invocations=6 (full 0):
 garbage-first heap   total 118784K, used 68512K [0x0000000600000000, 0x0000000800000000)
  region size 4096K, 14 young (57344K), 3 survivors (12288K)
 Metaspace       used 34812K, committed 36096K, reserved 1114112K
  class space    used 5049K, committed 5696K, reserved 1048576K
}
Event: 17.384 GC heap after
{Heap after GC invocations=7 (full 0):
 garbage-first heap   total 118784K, used 32574K [0x0000000600000000, 0x0000000800000000)
  region size 4096K, 3 young (12288K), 3 survivors (12288K)
 Metaspace       used 34812K, committed 36096K, reserved 1114112K
  class space    used 5049K, committed 5696K, reserved 1048576K
}
Event: 17.464 GC heap before
{Heap before GC invocations=7 (full 0):
 garbage-first heap   total 118784K, used 32574K [0x0000000600000000, 0x0000000800000000)
  region size 4096K, 4 young (16384K), 3 survivors (12288K)
 Metaspace       used 35114K, committed 36416K, reserved 1114112K
  class space    used 5099K, committed 5760K, reserved 1048576K
}
Event: 17.472 GC heap after
{Heap after GC invocations=8 (full 0):
 garbage-first heap   total 118784K, used 32351K [0x0000000600000000, 0x0000000800000000)
  region size 4096K, 2 young (8192K), 2 survivors (8192K)
 Metaspace       used 35114K, committed 36416K, reserved 1114112K
  class space    used 5099K, committed 5760K, reserved 1048576K
}
Event: 19.921 GC heap before
{Heap before GC invocations=9 (full 0):
 garbage-first heap   total 118784K, used 93791K [0x0000000600000000, 0x0000000800000000)
  region size 4096K, 17 young (69632K), 2 survivors (8192K)
 Metaspace       used 39926K, committed 41472K, reserved 1114112K
  class space    used 5920K, committed 6656K, reserved 1048576K
}
Event: 19.928 GC heap after
{Heap after GC invocations=10 (full 0):
 garbage-first heap   total 118784K, used 35113K [0x0000000600000000, 0x0000000800000000)
  region size 4096K, 2 young (8192K), 2 survivors (8192K)
 Metaspace       used 39926K, committed 41472K, reserved 1114112K
  class space    used 5920K, committed 6656K, reserved 1048576K
}
Event: 23.139 GC heap before
{Heap before GC invocations=10 (full 0):
 garbage-first heap   total 118784K, used 92457K [0x0000000600000000, 0x0000000800000000)
  region size 4096K, 17 young (69632K), 2 survivors (8192K)
 Metaspace       used 44749K, committed 46400K, reserved 1114112K
  class space    used 6640K, committed 7424K, reserved 1048576K
}
Event: 23.146 GC heap after
{Heap after GC invocations=11 (full 0):
 garbage-first heap   total 118784K, used 37460K [0x0000000600000000, 0x0000000800000000)
  region size 4096K, 2 young (8192K), 2 survivors (8192K)
 Metaspace       used 44749K, committed 46400K, reserved 1114112K
  class space    used 6640K, committed 7424K, reserved 1048576K
}
Event: 27.904 GC heap before
{Heap before GC invocations=11 (full 0):
 garbage-first heap   total 118784K, used 98900K [0x0000000600000000, 0x0000000800000000)
  region size 4096K, 17 young (69632K), 2 survivors (8192K)
 Metaspace       used 53798K, committed 55488K, reserved 1114112K
  class space    used 7852K, committed 8704K, reserved 1048576K
}
Event: 27.921 GC heap after
{Heap after GC invocations=12 (full 0):
 garbage-first heap   total 118784K, used 43651K [0x0000000600000000, 0x0000000800000000)
  region size 4096K, 3 young (12288K), 3 survivors (12288K)
 Metaspace       used 53798K, committed 55488K, reserved 1114112K
  class space    used 7852K, committed 8704K, reserved 1048576K
}
Event: 30.690 GC heap before
{Heap before GC invocations=12 (full 0):
 garbage-first heap   total 118784K, used 100995K [0x0000000600000000, 0x0000000800000000)
  region size 4096K, 17 young (69632K), 3 survivors (12288K)
 Metaspace       used 58000K, committed 59840K, reserved 1114112K
  class space    used 8536K, committed 9408K, reserved 1048576K
}
Event: 30.710 GC heap after
{Heap after GC invocations=13 (full 0):
 garbage-first heap   total 122880K, used 46598K [0x0000000600000000, 0x0000000800000000)
  region size 4096K, 3 young (12288K), 3 survivors (12288K)
 Metaspace       used 58000K, committed 59840K, reserved 1114112K
  class space    used 8536K, committed 9408K, reserved 1048576K
}
Event: 32.342 GC heap before
{Heap before GC invocations=13 (full 0):
 garbage-first heap   total 122880K, used 54790K [0x0000000600000000, 0x0000000800000000)
  region size 4096K, 7 young (28672K), 3 survivors (12288K)
 Metaspace       used 58981K, committed 60800K, reserved 1114112K
  class space    used 8671K, committed 9600K, reserved 1048576K
}
Event: 32.352 GC heap after
{Heap after GC invocations=14 (full 0):
 garbage-first heap   total 122880K, used 50018K [0x0000000600000000, 0x0000000800000000)
  region size 4096K, 2 young (8192K), 2 survivors (8192K)
 Metaspace       used 58981K, committed 60800K, reserved 1114112K
  class space    used 8671K, committed 9600K, reserved 1048576K
}
Event: 35.477 GC heap before
{Heap before GC invocations=15 (full 0):
 garbage-first heap   total 122880K, used 111458K [0x0000000600000000, 0x0000000800000000)
  region size 4096K, 15 young (61440K), 2 survivors (8192K)
 Metaspace       used 64647K, committed 66496K, reserved 1114112K
  class space    used 9456K, committed 10368K, reserved 1048576K
}
Event: 35.486 GC heap after
{Heap after GC invocations=16 (full 0):
 garbage-first heap   total 126976K, used 62518K [0x0000000600000000, 0x0000000800000000)
  region size 4096K, 2 young (8192K), 2 survivors (8192K)
 Metaspace       used 64647K, committed 66496K, reserved 1114112K
  class space    used 9456K, committed 10368K, reserved 1048576K
}
Event: 38.474 GC heap before
{Heap before GC invocations=16 (full 0):
 garbage-first heap   total 126976K, used 107574K [0x0000000600000000, 0x0000000800000000)
  region size 4096K, 13 young (53248K), 2 survivors (8192K)
 Metaspace       used 68262K, committed 70208K, reserved 1114112K
  class space    used 9922K, committed 10880K, reserved 1048576K
}
Event: 38.487 GC heap after
{Heap after GC invocations=17 (full 0):
 garbage-first heap   total 126976K, used 63176K [0x0000000600000000, 0x0000000800000000)
  region size 4096K, 2 young (8192K), 2 survivors (8192K)
 Metaspace       used 68262K, committed 70208K, reserved 1114112K
  class space    used 9922K, committed 10880K, reserved 1048576K
}

